<?xml version="1.0" encoding="UTF-8"?>
<testsuite xmlns:xsi="http://www.w3.org/2001/XMLSchema-instance" xsi:noNamespaceSchemaLocation="https://maven.apache.org/surefire/maven-surefire-plugin/xsd/surefire-test-report-3.0.xsd" version="3.0" name="com.payments.processor.converter.PaymentMessageConverterTest" time="0.623" tests="14" errors="0" skipped="0" failures="0">
  <properties>
[...]
</properties>
  <testcase name="testValidateCorrectMessage" classname="com.payments.processor.converter.PaymentMessageConverterTest" time="0.42">
    <system-out><![CDATA[22:02:53,294 |-INFO in ch.qos.logback.classic.LoggerContext[default] - This is logback-classic version 1.4.14
22:02:53,296 |-INFO in ch.qos.logback.classic.util.ContextInitializer@6950ed69 - No custom configurators were discovered as a service.
22:02:53,296 |-INFO in ch.qos.logback.classic.util.ContextInitializer@6950ed69 - Trying to configure with ch.qos.logback.classic.joran.SerializedModelConfigurator
22:02:53,299 |-INFO in ch.qos.logback.classic.util.ContextInitializer@6950ed69 - Constructed configurator of type class ch.qos.logback.classic.joran.SerializedModelConfigurator
22:02:53,305 |-INFO in ch.qos.logback.classic.LoggerContext[default] - Could NOT find resource [logback-test.scmo]
22:02:53,305 |-INFO in ch.qos.logback.classic.LoggerContext[default] - Could NOT find resource [logback.scmo]
22:02:53,310 |-INFO in ch.qos.logback.classic.util.ContextInitializer@6950ed69 - ch.qos.logback.classic.joran.SerializedModelConfigurator.configure() call lasted 8 milliseconds. ExecutionStatus=INVOKE_NEXT_IF_ANY
22:02:53,310 |-INFO in ch.qos.logback.classic.util.ContextInitializer@6950ed69 - Trying to configure with ch.qos.logback.classic.util.DefaultJoranConfigurator
22:02:53,311 |-INFO in ch.qos.logback.classic.util.ContextInitializer@6950ed69 - Constructed configurator of type class ch.qos.logback.classic.util.DefaultJoranConfigurator
22:02:53,311 |-INFO in ch.qos.logback.classic.LoggerContext[default] - Could NOT find resource [logback-test.xml]
22:02:53,314 |-INFO in ch.qos.logback.classic.LoggerContext[default] - Found resource [logback.xml] at [file:/C:/shri/work/claude/message-processor/target/classes/logback.xml]
22:02:53,442 |-INFO in ch.qos.logback.core.model.processor.AppenderModelHandler - Processing appender named [CONSOLE]
22:02:53,442 |-INFO in ch.qos.logback.core.model.processor.AppenderModelHandler - About to instantiate appender of type [ch.qos.logback.core.ConsoleAppender]
22:02:53,454 |-INFO in ch.qos.logback.core.model.processor.ImplicitModelHandler - Assuming default type [ch.qos.logback.classic.encoder.PatternLayoutEncoder] for [encoder] property
22:02:53,491 |-INFO in ch.qos.logback.core.model.processor.AppenderModelHandler - Processing appender named [FILE]
22:02:53,491 |-INFO in ch.qos.logback.core.model.processor.AppenderModelHandler - About to instantiate appender of type [ch.qos.logback.core.rolling.RollingFileAppender]
22:02:53,495 |-INFO in ch.qos.logback.core.model.processor.ImplicitModelHandler - Assuming default type [ch.qos.logback.classic.encoder.PatternLayoutEncoder] for [encoder] property
22:02:53,506 |-INFO in c.q.l.core.rolling.SizeAndTimeBasedRollingPolicy@1842853283 - Archive files will be limited to [10 MB] each.
22:02:53,506 |-INFO in c.q.l.core.rolling.SizeAndTimeBasedRollingPolicy@1842853283 - No compression will be used
22:02:53,506 |-INFO in c.q.l.core.rolling.SizeAndTimeBasedRollingPolicy@1842853283 - Will use the pattern logs/pacs009-parser.%d{yyyy-MM-dd}.%i.log for the active file
22:02:53,514 |-INFO in ch.qos.logback.core.rolling.SizeAndTimeBasedFNATP@6f3187b0 - The date pattern is 'yyyy-MM-dd' from file name pattern 'logs/pacs009-parser.%d{yyyy-MM-dd}.%i.log'.
22:02:53,514 |-INFO in ch.qos.logback.core.rolling.SizeAndTimeBasedFNATP@6f3187b0 - Roll-over at midnight.
22:02:53,519 |-INFO in ch.qos.logback.core.rolling.SizeAndTimeBasedFNATP@6f3187b0 - Setting initial period to 2026-04-29T02:02:41.287Z
22:02:53,526 |-INFO in ch.qos.logback.core.rolling.RollingFileAppender[FILE] - Active log file name: logs/pacs009-parser.log
22:02:53,527 |-INFO in ch.qos.logback.core.rolling.RollingFileAppender[FILE] - File property is set to [logs/pacs009-parser.log]
22:02:53,527 |-INFO in ch.qos.logback.core.model.processor.AppenderModelHandler - Processing appender named [ERROR_FILE]
22:02:53,527 |-INFO in ch.qos.logback.core.model.processor.AppenderModelHandler - About to instantiate appender of type [ch.qos.logback.core.rolling.RollingFileAppender]
22:02:53,529 |-INFO in ch.qos.logback.core.model.processor.ImplicitModelHandler - Assuming default type [ch.qos.logback.classic.encoder.PatternLayoutEncoder] for [encoder] property
22:02:53,529 |-WARN in ch.qos.logback.core.rolling.RollingFileAppender[ERROR_FILE] - No TriggeringPolicy was set for the RollingFileAppender named ERROR_FILE
22:02:53,529 |-WARN in ch.qos.logback.core.rolling.RollingFileAppender[ERROR_FILE] - For more information, please visit http://logback.qos.ch/codes.html#rfa_no_tp
22:02:53,531 |-INFO in ch.qos.logback.classic.model.processor.LoggerModelHandler - Setting level of logger [com.payments.parser] to INFO
22:02:53,531 |-INFO in ch.qos.logback.classic.model.processor.LoggerModelHandler - Setting level of logger [com.payments.parser.converter] to DEBUG
22:02:53,531 |-INFO in ch.qos.logback.classic.model.processor.LoggerModelHandler - Setting level of logger [org.xml] to WARN
22:02:53,531 |-INFO in ch.qos.logback.classic.model.processor.LoggerModelHandler - Setting level of logger [org.w3c] to WARN
22:02:53,532 |-INFO in ch.qos.logback.classic.model.processor.RootLoggerModelHandler - Setting level of ROOT logger to INFO
22:02:53,535 |-INFO in ch.qos.logback.core.model.processor.AppenderRefModelHandler - Attaching appender named [CONSOLE] to Logger[ROOT]
22:02:53,536 |-INFO in ch.qos.logback.core.model.processor.AppenderRefModelHandler - Attaching appender named [FILE] to Logger[ROOT]
22:02:53,536 |-INFO in ch.qos.logback.core.model.processor.AppenderRefModelHandler - Attaching appender named [ERROR_FILE] to Logger[ROOT]
22:02:53,536 |-INFO in ch.qos.logback.core.model.processor.DefaultProcessor@2663e964 - End of configuration.
22:02:53,537 |-INFO in ch.qos.logback.classic.joran.JoranConfigurator@48b67364 - Registering current configuration as safe fallback point
22:02:53,537 |-INFO in ch.qos.logback.classic.util.ContextInitializer@6950ed69 - ch.qos.logback.classic.util.DefaultJoranConfigurator.configure() call lasted 227 milliseconds. ExecutionStatus=DO_NOT_INVOKE_NEXT_IF_ANY

2026-04-28 22:02:53.542 [main] INFO  c.p.p.c.PaymentMessageConverter - Initialized PaymentMessageConverter
]]></system-out>
  </testcase>
  <testcase name="testCreditorExtraction" classname="com.payments.processor.converter.PaymentMessageConverterTest" time="0.031">
    <system-out><![CDATA[2026-04-28 22:02:53.648 [main] INFO  c.p.p.c.PaymentMessageConverter - Initialized PaymentMessageConverter
2026-04-28 22:02:53.672 [main] INFO  c.p.p.c.PaymentMessageConverter - Successfully converted 2 transactions in 20 ms
]]></system-out>
  </testcase>
  <testcase name="testValidateEmptyInput" classname="com.payments.processor.converter.PaymentMessageConverterTest" time="0.02">
    <system-out><![CDATA[2026-04-28 22:02:53.685 [main] INFO  c.p.p.c.PaymentMessageConverter - Initialized PaymentMessageConverter
]]></system-out>
  </testcase>
  <testcase name="testBatchTotals" classname="com.payments.processor.converter.PaymentMessageConverterTest" time="0.017">
    <system-out><![CDATA[2026-04-28 22:02:53.708 [main] INFO  c.p.p.c.PaymentMessageConverter - Initialized PaymentMessageConverter
2026-04-28 22:02:53.713 [main] INFO  c.p.p.c.PaymentMessageConverter - Successfully converted 2 transactions in 4 ms
]]></system-out>
  </testcase>
  <testcase name="testSuccessfulConversion" classname="com.payments.processor.converter.PaymentMessageConverterTest" time="0.013">
    <system-out><![CDATA[2026-04-28 22:02:53.726 [main] INFO  c.p.p.c.PaymentMessageConverter - Initialized PaymentMessageConverter
2026-04-28 22:02:53.737 [main] INFO  c.p.p.c.PaymentMessageConverter - Successfully converted 2 transactions in 10 ms
]]></system-out>
  </testcase>
  <testcase name="testRemittanceExtraction" classname="com.payments.processor.converter.PaymentMessageConverterTest" time="0.013">
    <system-out><![CDATA[2026-04-28 22:02:53.740 [main] INFO  c.p.p.c.PaymentMessageConverter - Initialized PaymentMessageConverter
2026-04-28 22:02:53.744 [main] INFO  c.p.p.c.PaymentMessageConverter - Successfully converted 2 transactions in 3 ms
]]></system-out>
  </testcase>
  <testcase name="testSecondTransactionPriority" classname="com.payments.processor.converter.PaymentMessageConverterTest" time="0.006">
    <system-out><![CDATA[2026-04-28 22:02:53.755 [main] INFO  c.p.p.c.PaymentMessageConverter - Initialized PaymentMessageConverter
2026-04-28 22:02:53.759 [main] INFO  c.p.p.c.PaymentMessageConverter - Successfully converted 2 transactions in 3 ms
]]></system-out>
  </testcase>
  <testcase name="testDebtorExtraction" classname="com.payments.processor.converter.PaymentMessageConverterTest" time="0.01">
    <system-out><![CDATA[2026-04-28 22:02:53.762 [main] INFO  c.p.p.c.PaymentMessageConverter - Initialized PaymentMessageConverter
2026-04-28 22:02:53.771 [main] INFO  c.p.p.c.PaymentMessageConverter - Successfully converted 2 transactions in 8 ms
]]></system-out>
  </testcase>
  <testcase name="testValidateNonXmlInput" classname="com.payments.processor.converter.PaymentMessageConverterTest" time="0.002">
    <system-out><![CDATA[2026-04-28 22:02:53.774 [main] INFO  c.p.p.c.PaymentMessageConverter - Initialized PaymentMessageConverter
]]></system-out>
  </testcase>
  <testcase name="testBatchHeaderExtraction" classname="com.payments.processor.converter.PaymentMessageConverterTest" time="0.006">
    <system-out><![CDATA[2026-04-28 22:02:53.776 [main] INFO  c.p.p.c.PaymentMessageConverter - Initialized PaymentMessageConverter
2026-04-28 22:02:53.779 [main] INFO  c.p.p.c.PaymentMessageConverter - Successfully converted 2 transactions in 2 ms
]]></system-out>
  </testcase>
  <testcase name="testFirstTransactionExtraction" classname="com.payments.processor.converter.PaymentMessageConverterTest" time="0.006">
    <system-out><![CDATA[2026-04-28 22:02:53.786 [main] INFO  c.p.p.c.PaymentMessageConverter - Initialized PaymentMessageConverter
2026-04-28 22:02:53.790 [main] INFO  c.p.p.c.PaymentMessageConverter - Successfully converted 2 transactions in 3 ms
]]></system-out>
  </testcase>
  <testcase name="testValidateNullInput" classname="com.payments.processor.converter.PaymentMessageConverterTest" time="0.001">
    <system-out><![CDATA[2026-04-28 22:02:53.792 [main] INFO  c.p.p.c.PaymentMessageConverter - Initialized PaymentMessageConverter
]]></system-out>
  </testcase>
  <testcase name="testBatchConversion" classname="com.payments.processor.converter.PaymentMessageConverterTest" time="0.013">
    <system-out><![CDATA[2026-04-28 22:02:53.795 [main] INFO  c.p.p.c.PaymentMessageConverter - Initialized PaymentMessageConverter
2026-04-28 22:02:53.802 [main] INFO  c.p.p.c.PaymentMessageConverter - Successfully converted 2 transactions in 6 ms
2026-04-28 22:02:53.806 [main] INFO  c.p.p.c.PaymentMessageConverter - Successfully converted 2 transactions in 4 ms
]]></system-out>
  </testcase>
  <testcase name="testProcessingStatusAndNotes" classname="com.payments.processor.converter.PaymentMessageConverterTest" time="0.004">
    <system-out><![CDATA[2026-04-28 22:02:53.808 [main] INFO  c.p.p.c.PaymentMessageConverter - Initialized PaymentMessageConverter
2026-04-28 22:02:53.811 [main] INFO  c.p.p.c.PaymentMessageConverter - Successfully converted 2 transactions in 2 ms
]]></system-out>
  </testcase>
</testsuite>